[debug] [2021-03-09T16:39:34.620Z] ----------------------------------------------------------------------
[debug] [2021-03-09T16:39:34.623Z] Command:       C:\Program Files\nodejs\node.exe C:\Users\hp\AppData\Roaming\npm\node_modules\firebase-tools\lib\bin\firebase.js init
[debug] [2021-03-09T16:39:34.623Z] CLI Version:   9.6.0
[debug] [2021-03-09T16:39:34.623Z] Platform:      win32
[debug] [2021-03-09T16:39:34.623Z] Node Version:  v12.16.1
[debug] [2021-03-09T16:39:34.625Z] Time:          Tue Mar 09 2021 22:09:34 GMT+0530 (India Standard Time)
[debug] [2021-03-09T16:39:34.625Z] ----------------------------------------------------------------------
[debug] [2021-03-09T16:39:34.625Z] 
[debug] [2021-03-09T16:39:34.635Z] > command requires scopes: ["email","openid","https://www.googleapis.com/auth/cloudplatformprojects.readonly","https://www.googleapis.com/auth/firebase","https://www.googleapis.com/auth/cloud-platform"]
[debug] [2021-03-09T16:39:34.636Z] > authorizing via signed-in user
[info] 
     ######## #### ########  ######## ########     ###     ######  ########
     ##        ##  ##     ## ##       ##     ##  ##   ##  ##       ##
     ######    ##  ########  ######   ########  #########  ######  ######
     ##        ##  ##    ##  ##       ##     ## ##     ##       ## ##
     ##       #### ##     ## ######## ########  ##     ##  ######  ########

You're about to initialize a Firebase project in this directory:

  C:\Users\hp\Desktop\amazon-clone\amazon-clone

[info] 
=== Project Setup
[info] 
[info] First, let's associate this project directory with a Firebase project.
[info] You can create multiple project aliases by running firebase use --add, 
[info] but for now we'll just set up a default project.
[info] 
[debug] [2021-03-09T16:40:26.442Z] >>> [apiv2][query] GET https://firebase.googleapis.com/v1beta1/projects pageSize=100
[debug] [2021-03-09T16:40:27.520Z] <<< [apiv2][status] GET https://firebase.googleapis.com/v1beta1/projects 200
[debug] [2021-03-09T16:40:27.521Z] <<< [apiv2][body] GET https://firebase.googleapis.com/v1beta1/projects [omitted]
[info] i  Using project challenge-9a0ca (amazon-challenge) 
[info] 
=== Hosting Setup
[info] 
[info] Your public directory is the folder (relative to your project directory) that
[info] will contain Hosting assets to be uploaded with firebase deploy. If you
[info] have a build process for your assets, use your build's output directory.
[info] 
[debug] [2021-03-09T16:42:01.396Z] >>> [apiv2][query] GET https://www.gstatic.com/firebasejs/releases.json [none]
[debug] [2021-03-09T16:42:02.075Z] <<< [apiv2][status] GET https://www.gstatic.com/firebasejs/releases.json 200
[debug] [2021-03-09T16:42:02.076Z] <<< [apiv2][body] GET https://www.gstatic.com/firebasejs/releases.json {"current":{"version":"8.2.10","browserURL":"https://www.gstatic.com/firebasejs/8.2.10/firebase.js","packageURL":"https://www.gstatic.com/firebasejs/8.2.10/firebase.tgz"},"live":{"version":"8.2","browserURL":"https://www.gstatic.com/firebasejs/live/8.2/firebase.js","packageURL":"https://www.gstatic.com/firebasejs/live/8.2/firebase.tgz"},"components":{"analytics":"https://www.gstatic.com/firebasejs/8.2.10/firebase-analytics.js","app":"https://www.gstatic.com/firebasejs/8.2.10/firebase-app.js","auth":"https://www.gstatic.com/firebasejs/8.2.10/firebase-auth.js","database":"https://www.gstatic.com/firebasejs/8.2.10/firebase-database.js","firestore":"https://www.gstatic.com/firebasejs/8.2.10/firebase-firestore.js","functions":"https://www.gstatic.com/firebasejs/8.2.10/firebase-functions.js","installations":"https://www.gstatic.com/firebasejs/8.2.10/firebase-installations.js","messaging":"https://www.gstatic.com/firebasejs/8.2.10/firebase-messaging.js","storage":"https://www.gstatic.com/firebasejs/8.2.10/firebase-storage.js","performance":"https://www.gstatic.com/firebasejs/8.2.10/firebase-performance.js","remote-config":"https://www.gstatic.com/firebasejs/8.2.10/firebase-remote-config.js","firestore.memory":"https://www.gstatic.com/firebasejs/8.2.10/firebase-firestore.memory.js"}}
[info] +  Wrote build/index.html 
[info] 
[info] i  Detected a .git folder at C:\Users\hp\Desktop\amazon-clone\amazon-clone 
[info] i  Authorizing with GitHub to upload your service account to a GitHub repository's secrets store. 
[info] 
[info] Visit this URL on this device to log in:
[info] https://github.com/login/oauth/authorize?client_id=89cf50f02ac6aaed3484&state=17277555&redirect_uri=http%3A%2F%2Flocalhost%3A9005&scope=read%3Auser%20repo%20public_repo
[info] 
[info] Waiting for authentication...
[debug] [2021-03-09T16:43:09.729Z] >>> HTTP REQUEST POST https://github.com/login/oauth/access_token  
 {"client_id":"89cf50f02ac6aaed3484","client_secret":"3330d14abc895d9a74d5f17cd7a00711fa2c5bf0","code":"47bdc94160e503a88dae","redirect_uri":"http://localhost:9005","state":"17277555"}
[debug] [2021-03-09T16:43:10.392Z] <<< HTTP RESPONSE 200 {"server":"GitHub.com","date":"Tue, 09 Mar 2021 16:43:10 GMT","content-type":"application/json; charset=utf-8","transfer-encoding":"chunked","vary":"X-PJAX, Accept-Encoding, Accept, X-Requested-With","etag":"W/\"4dd8689fd996d66a000d504bf68dbf19\"","cache-control":"max-age=0, private, must-revalidate","strict-transport-security":"max-age=31536000; includeSubdomains; preload","x-frame-options":"deny","x-content-type-options":"nosniff","x-xss-protection":"1; mode=block","referrer-policy":"origin-when-cross-origin, strict-origin-when-cross-origin","expect-ct":"max-age=2592000, report-uri=\"https://api.github.com/_private/browser/errors\"","content-security-policy":"default-src 'none'; base-uri 'self'; block-all-mixed-content; connect-src 'self' uploads.github.com www.githubstatus.com collector.githubapp.com api.github.com github-cloud.s3.amazonaws.com github-production-repository-file-5c1aeb.s3.amazonaws.com github-production-upload-manifest-file-7fdce7.s3.amazonaws.com github-production-user-asset-6210df.s3.amazonaws.com cdn.optimizely.com logx.optimizely.com/v1/events wss://alive.github.com; font-src github.githubassets.com; form-action 'self' github.com gist.github.com; frame-ancestors 'none'; frame-src render.githubusercontent.com; img-src 'self' data: github.githubassets.com identicons.github.com collector.githubapp.com github-cloud.s3.amazonaws.com secured-user-images.githubusercontent.com/ *.githubusercontent.com; manifest-src 'self'; media-src 'none'; script-src github.githubassets.com; style-src 'unsafe-inline' github.githubassets.com; worker-src github.com/socket-worker-6832eced.js gist.github.com/socket-worker-6832eced.js","x-github-request-id":"DFCC:3FF8:C0A976:D3C2E5:6047A59E"}
[debug] [2021-03-09T16:43:10.421Z] >>> [apiv2][query] GET https://api.github.com/user [none]
[debug] [2021-03-09T16:43:11.027Z] <<< [apiv2][status] GET https://api.github.com/user 200
[debug] [2021-03-09T16:43:11.028Z] <<< [apiv2][body] GET https://api.github.com/user {"login":"pushpendrasharmap","id":32036931,"node_id":"MDQ6VXNlcjMyMDM2OTMx","avatar_url":"https://avatars.githubusercontent.com/u/32036931?v=4","gravatar_id":"","url":"https://api.github.com/users/pushpendrasharmap","html_url":"https://github.com/pushpendrasharmap","followers_url":"https://api.github.com/users/pushpendrasharmap/followers","following_url":"https://api.github.com/users/pushpendrasharmap/following{/other_user}","gists_url":"https://api.github.com/users/pushpendrasharmap/gists{/gist_id}","starred_url":"https://api.github.com/users/pushpendrasharmap/starred{/owner}{/repo}","subscriptions_url":"https://api.github.com/users/pushpendrasharmap/subscriptions","organizations_url":"https://api.github.com/users/pushpendrasharmap/orgs","repos_url":"https://api.github.com/users/pushpendrasharmap/repos","events_url":"https://api.github.com/users/pushpendrasharmap/events{/privacy}","received_events_url":"https://api.github.com/users/pushpendrasharmap/received_events","type":"User","site_admin":false,"name":"Pushpendra Sharma","company":null,"blog":"","location":"Indore","email":null,"hireable":null,"bio":"Undergraduate Student at IIT Indore","twitter_username":null,"public_repos":9,"public_gists":0,"followers":1,"following":1,"created_at":"2017-09-17T14:23:04Z","updated_at":"2021-03-09T16:42:14Z","private_gists":0,"total_private_repos":0,"owned_private_repos":0,"disk_usage":992686,"collaborators":0,"two_factor_authentication":false,"plan":{"name":"free","space":976562499,"collaborators":0,"private_repos":10000}}
[info] 
[info] +  Success! Logged into GitHub as pushpendrasharmap 
[info] 
[debug] [2021-03-09T16:43:32.988Z] >>> [apiv2][query] GET https://api.github.com/repos/repository/actions/secrets/public-key type=owner
[debug] [2021-03-09T16:43:33.876Z] <<< [apiv2][status] GET https://api.github.com/repos/repository/actions/secrets/public-key 404
[debug] [2021-03-09T16:43:33.877Z] <<< [apiv2][body] GET https://api.github.com/repos/repository/actions/secrets/public-key {"message":"Not Found","documentation_url":"https://docs.github.com/rest"}
